<?xml version="1.0" encoding="UTF-8"?>
<!-- Generated by org.testng.reporters.JUnitReportReporter -->
<testsuite hostname="CHANDAN" failures="0" tests="1" name="TestCases.TestCase1myacc" time="46.141" errors="0" timestamp="2023-04-01T20:33:32 IST" skipped="0">
  <testcase classname="TestCases.TestCase1myacc" name="MyAccount" time="46.141"/>
  <system-out/>
</testsuite> <!-- TestCases.TestCase1myacc -->
