<?xml version="1.0" encoding="UTF-8"?>
<!-- Generated by org.testng.reporters.JUnitReportReporter -->
<testsuite hostname="CHANDAN" failures="0" tests="1" name="TestCases.TestCase1myacc" time="44.925" errors="0" timestamp="2023-03-17T14:10:16 IST" skipped="0">
  <testcase classname="TestCases.TestCase1myacc" name="MyAccount" time="44.925"/>
  <system-out/>
</testsuite> <!-- TestCases.TestCase1myacc -->
