<?xml version="1.0" encoding="UTF-8"?>
<!-- Generated by org.testng.reporters.JUnitReportReporter -->
<testsuite hostname="CHANDAN" failures="0" tests="1" name="TestCases.TestCase2Verifylogin" time="24.050" errors="0" timestamp="2023-03-18T01:38:43 IST" skipped="0">
  <testcase classname="TestCases.TestCase2Verifylogin" name="Login" time="24.050"/>
  <system-out/>
</testsuite> <!-- TestCases.TestCase2Verifylogin -->
