<?xml version="1.0" encoding="UTF-8"?>
<!-- Generated by org.testng.reporters.JUnitReportReporter -->
<testsuite hostname="CHANDAN" failures="0" tests="1" name="TestCases.TestCase1myacc" time="45.931" errors="0" timestamp="2023-03-18T01:38:43 IST" skipped="0">
  <testcase classname="TestCases.TestCase1myacc" name="MyAccount" time="45.931"/>
  <system-out/>
</testsuite> <!-- TestCases.TestCase1myacc -->
