<?xml version="1.0" encoding="UTF-8"?>
<!-- Generated by org.testng.reporters.JUnitReportReporter -->
<testsuite hostname="CHANDAN" failures="0" tests="1" name="TestCases.TestCase3SearchProduct" time="28.224" errors="0" timestamp="2023-03-20T12:02:19 IST" skipped="0">
  <testcase classname="TestCases.TestCase3SearchProduct" name="SearchProduct" time="28.224"/>
  <system-out/>
</testsuite> <!-- TestCases.TestCase3SearchProduct -->
