<?xml version="1.0" encoding="UTF-8"?>
<!-- Generated by org.testng.reporters.JUnitReportReporter -->
<testsuite hostname="CHANDAN" failures="0" tests="1" name="TestCases.TestCase1myacc" time="46.596" errors="0" timestamp="2023-03-20T12:02:19 IST" skipped="0">
  <testcase classname="TestCases.TestCase1myacc" name="MyAccount" time="46.596"/>
  <system-out/>
</testsuite> <!-- TestCases.TestCase1myacc -->
