<?xml version="1.0" encoding="UTF-8"?>
<!-- Generated by org.testng.reporters.JUnitReportReporter -->
<testsuite hostname="CHANDAN" failures="0" tests="1" name="TestCases.TestCase5AddtoCompare" time="47.507" errors="0" timestamp="2023-04-01T20:33:32 IST" skipped="0">
  <testcase classname="TestCases.TestCase5AddtoCompare" name="AddtoCompare" time="47.507"/>
  <system-out/>
</testsuite> <!-- TestCases.TestCase5AddtoCompare -->
