<?xml version="1.0" encoding="UTF-8"?>
<!-- Generated by org.testng.reporters.JUnitReportReporter -->
<testsuite hostname="CHANDAN" failures="0" tests="1" name="TestCases.TestCase3SearchProduct" time="28.323" errors="0" timestamp="2023-04-01T20:33:32 IST" skipped="0">
  <testcase classname="TestCases.TestCase3SearchProduct" name="SearchProduct" time="28.323"/>
  <system-out/>
</testsuite> <!-- TestCases.TestCase3SearchProduct -->
