<?xml version="1.0" encoding="UTF-8"?>
<!-- Generated by org.testng.reporters.JUnitReportReporter -->
<testsuite hostname="CHANDAN" failures="0" tests="1" name="TestCases.TestCase2Verifylogin" time="23.834" errors="0" timestamp="2023-03-20T12:02:19 IST" skipped="0">
  <testcase classname="TestCases.TestCase2Verifylogin" name="Login" time="23.834"/>
  <system-out/>
</testsuite> <!-- TestCases.TestCase2Verifylogin -->
